<?xml version="1.0" encoding="UTF-8"?>
<!-- Generated by org.testng.reporters.JUnitXMLReporter -->
<testsuite ignored="0" hostname="DESKTOP-9Q828V5" failures="0" tests="23" name="Surefire test" time="1.959" errors="0" timestamp="2024-02-24T14:14:05 EST">
  <testcase classname="com.zafin.interview.UniversitiesAPICollectionTest" name="testIfGetStatusCode200" time="1.397"/>
  <testcase classname="com.zafin.interview.UniversitiesAPICollectionTest" name="testIfGetStatusCode401" time="0.015"/>
  <testcase classname="com.zafin.interview.UniversitiesAPICollectionTest" name="testIfGetStatusCode404ResponseMissingAuth" time="0.029"/>
  <testcase classname="com.zafin.interview.UniversitiesAPICollectionTest" name="testIfGetStatusCode404UrlPathError" time="0.02"/>
  <testcase classname="com.zafin.interview.UniversitiesAPICollectionTest" name="testIfResponse200HasJsonList" time="0.123"/>
  <testcase classname="com.zafin.interview.UniversitiesAPICollectionTest" name="testIfResponseBodyIsNotEmptyForGet200response" time="0.019"/>
  <testcase classname="com.zafin.interview.UniversityAPICollectionTest" name="testIfDeleteStatusCode204" time="0.019"/>
  <testcase classname="com.zafin.interview.UniversityAPICollectionTest" name="testIfGetResponse401HasExpectedValueFortitle" time="0.024"/>
  <testcase classname="com.zafin.interview.UniversityAPICollectionTest" name="testIfGetStatusCode200" time="0.021"/>
  <testcase classname="com.zafin.interview.UniversityAPICollectionTest" name="testIfGetStatusCode200Unencodedparameter" time="0.019"/>
  <testcase classname="com.zafin.interview.UniversityAPICollectionTest" name="testIfGetStatusCode401" time="0.015"/>
  <testcase classname="com.zafin.interview.UniversityAPICollectionTest" name="testIfGetStatusCode404UrlPathError" time="0.009"/>
  <testcase classname="com.zafin.interview.UniversityAPICollectionTest" name="testIfPostResponseStatusCode201" time="0.048"/>
  <testcase classname="com.zafin.interview.UniversityAPICollectionTest" name="testIfResponse200HasKeyUniversityName" time="0.016"/>
  <testcase classname="com.zafin.interview.UniversityAPICollectionTest" name="testIfResponseBodyIsNotEmptyForGet200response" time="0.02"/>
  <testcase classname="com.zafin.interview.UniversityAPICollectionTest" name="testIfResponseBodyIsNotEmptyForPut422response" time="0.032"/>
  <testcase classname="com.zafin.interview.UniversityAPICollectionTest" name="testIfResponseHas422InvalidRequests" time="0.015"/>
  <testcase classname="com.zafin.interview.UniversityAPICollectionTest" name="testIfResponseHasKeyTitleForPUT422response" time="0.012"/>
  <testcase classname="com.zafin.interview.UniversityWithUniversityIDCollectionTest" name="testIfGetStatusCode200" time="0.014"/>
  <testcase classname="com.zafin.interview.UniversityWithUniversityIDCollectionTest" name="testIfGetStatusCode401" time="0.01"/>
  <testcase classname="com.zafin.interview.UniversityWithUniversityIDCollectionTest" name="testIfGetStatusCode404ResponseMissingAuth" time="0.009"/>
  <testcase classname="com.zafin.interview.UniversityWithUniversityIDCollectionTest" name="testIfPostResponseStatusCode201" time="0.017"/>
  <testcase classname="com.zafin.interview.UniversityWithUniversityIDCollectionTest" name="testIfResponseBodyIsNotEmptyForGet200response" time="0.013"/>
</testsuite> <!-- Surefire test -->
