<?xml version="1.0" encoding="UTF-8"?>
<testsuite xmlns:xsi="http://www.w3.org/2001/XMLSchema-instance" xsi:noNamespaceSchemaLocation="https://maven.apache.org/surefire/maven-surefire-plugin/xsd/surefire-test-report.xsd" name="TestSuite" time="2.3" tests="23" errors="0" skipped="0" failures="0">
  <properties>
[...]
</properties>
  <testcase name="testIfGetStatusCode200" classname="com.zafin.interview.UniversitiesAPICollectionTest" time="1.398"/>
  <testcase name="testIfGetStatusCode401" classname="com.zafin.interview.UniversitiesAPICollectionTest" time="0.014"/>
  <testcase name="testIfGetStatusCode404ResponseMissingAuth" classname="com.zafin.interview.UniversitiesAPICollectionTest" time="0.029"/>
  <testcase name="testIfGetStatusCode404UrlPathError" classname="com.zafin.interview.UniversitiesAPICollectionTest" time="0.019"/>
  <testcase name="testIfResponse200HasJsonList" classname="com.zafin.interview.UniversitiesAPICollectionTest" time="0.123"/>
  <testcase name="testIfResponseBodyIsNotEmptyForGet200response" classname="com.zafin.interview.UniversitiesAPICollectionTest" time="0.02"/>
  <testcase name="testIfDeleteStatusCode204" classname="com.zafin.interview.UniversityAPICollectionTest" time="0.019"/>
  <testcase name="testIfGetResponse401HasExpectedValueFortitle" classname="com.zafin.interview.UniversityAPICollectionTest" time="0.024"/>
  <testcase name="testIfGetStatusCode200" classname="com.zafin.interview.UniversityAPICollectionTest" time="0.02"/>
  <testcase name="testIfGetStatusCode200Unencodedparameter" classname="com.zafin.interview.UniversityAPICollectionTest" time="0.02"/>
  <testcase name="testIfGetStatusCode401" classname="com.zafin.interview.UniversityAPICollectionTest" time="0.015"/>
  <testcase name="testIfGetStatusCode404UrlPathError" classname="com.zafin.interview.UniversityAPICollectionTest" time="0.008"/>
  <testcase name="testIfPostResponseStatusCode201" classname="com.zafin.interview.UniversityAPICollectionTest" time="0.048"/>
  <testcase name="testIfResponse200HasKeyUniversityName" classname="com.zafin.interview.UniversityAPICollectionTest" time="0.017"/>
  <testcase name="testIfResponseBodyIsNotEmptyForGet200response" classname="com.zafin.interview.UniversityAPICollectionTest" time="0.02"/>
  <testcase name="testIfResponseBodyIsNotEmptyForPut422response" classname="com.zafin.interview.UniversityAPICollectionTest" time="0.032"/>
  <testcase name="testIfResponseHas422InvalidRequests" classname="com.zafin.interview.UniversityAPICollectionTest" time="0.016"/>
  <testcase name="testIfResponseHasKeyTitleForPUT422response" classname="com.zafin.interview.UniversityAPICollectionTest" time="0.012"/>
  <testcase name="testIfGetStatusCode200" classname="com.zafin.interview.UniversityWithUniversityIDCollectionTest" time="0.014"/>
  <testcase name="testIfGetStatusCode401" classname="com.zafin.interview.UniversityWithUniversityIDCollectionTest" time="0.011"/>
  <testcase name="testIfGetStatusCode404ResponseMissingAuth" classname="com.zafin.interview.UniversityWithUniversityIDCollectionTest" time="0.01"/>
  <testcase name="testIfPostResponseStatusCode201" classname="com.zafin.interview.UniversityWithUniversityIDCollectionTest" time="0.018"/>
  <testcase name="testIfResponseBodyIsNotEmptyForGet200response" classname="com.zafin.interview.UniversityWithUniversityIDCollectionTest" time="0.013"/>
</testsuite>